INFO 2026-04-16 10:31:25,716 autoreload Watching for file changes with StatReloader
INFO 2026-04-16 10:32:56,057 autoreload Watching for file changes with StatReloader
INFO 2026-04-16 22:31:57,704 autoreload Watching for file changes with StatReloader
INFO 2026-04-16 22:32:50,260 basehttp "OPTIONS /api/v1/auth/login/ HTTP/1.1" 200 0
INFO 2026-04-16 22:32:50,661 basehttp "POST /api/v1/auth/login/ HTTP/1.1" 200 858
INFO 2026-04-16 22:32:50,765 basehttp "OPTIONS /api/v1/dashboard/owner/?start_date=2026-04-01&end_date=2026-04-16 HTTP/1.1" 200 0
INFO 2026-04-16 22:32:50,875 basehttp "GET /api/v1/dashboard/owner/?start_date=2026-04-01&end_date=2026-04-16 HTTP/1.1" 200 407
INFO 2026-04-16 22:32:53,892 basehttp "OPTIONS /api/v1/drivers/ HTTP/1.1" 200 0
INFO 2026-04-16 22:32:53,926 basehttp "GET /api/v1/drivers/ HTTP/1.1" 200 38
INFO 2026-04-16 22:32:54,922 autoreload D:\Projects\blinkit-logistics-system\backend\apps\drivers\serializers.py changed, reloading.
INFO 2026-04-16 22:32:55,314 basehttp "OPTIONS /api/v1/trips/?status=&start_date=&end_date= HTTP/1.1" 200 0
INFO 2026-04-16 22:32:55,333 basehttp "OPTIONS /api/v1/trips/pending/ HTTP/1.1" 200 0
INFO 2026-04-16 22:32:55,333 basehttp "OPTIONS /api/v1/trips/my-trips/?status=&start_date=&end_date= HTTP/1.1" 200 0
WARNING 2026-04-16 22:32:55,378 log Forbidden: /api/v1/trips/my-trips/
WARNING 2026-04-16 22:32:55,395 basehttp "GET /api/v1/trips/my-trips/?status=&start_date=&end_date= HTTP/1.1" 403 92
INFO 2026-04-16 22:32:55,402 basehttp "GET /api/v1/trips/?status=&start_date=&end_date= HTTP/1.1" 200 96
INFO 2026-04-16 22:32:55,412 basehttp "GET /api/v1/trips/pending/ HTTP/1.1" 200 46
INFO 2026-04-16 22:32:55,787 autoreload /app/apps/drivers/serializers.py changed, reloading.
INFO 2026-04-16 22:32:56,014 autoreload Watching for file changes with StatReloader
INFO 2026-04-16 22:32:58,463 autoreload Watching for file changes with StatReloader
INFO 2026-04-16 22:34:11,226 autoreload D:\Projects\blinkit-logistics-system\backend\apps\drivers\views.py changed, reloading.
INFO 2026-04-16 22:34:11,519 autoreload /app/apps/drivers/views.py changed, reloading.
INFO 2026-04-16 22:34:12,161 autoreload Watching for file changes with StatReloader
INFO 2026-04-16 22:34:13,965 autoreload Watching for file changes with StatReloader
INFO 2026-04-16 22:34:53,456 autoreload /app/apps/vehicles/serializers.py changed, reloading.
INFO 2026-04-16 22:34:53,870 autoreload D:\Projects\blinkit-logistics-system\backend\apps\vehicles\serializers.py changed, reloading.
INFO 2026-04-16 22:34:54,999 autoreload Watching for file changes with StatReloader
INFO 2026-04-16 22:34:55,867 autoreload Watching for file changes with StatReloader
INFO 2026-04-16 22:35:51,330 autoreload D:\Projects\blinkit-logistics-system\backend\apps\vehicles\views.py changed, reloading.
INFO 2026-04-16 22:35:51,956 autoreload /app/apps/vehicles/views.py changed, reloading.
INFO 2026-04-16 22:35:52,472 autoreload Watching for file changes with StatReloader
INFO 2026-04-16 22:35:54,230 autoreload Watching for file changes with StatReloader
INFO 2026-04-16 22:37:41,597 autoreload D:\Projects\blinkit-logistics-system\backend\apps\trips\serializers.py changed, reloading.
INFO 2026-04-16 22:37:42,467 autoreload /app/apps/trips/serializers.py changed, reloading.
INFO 2026-04-16 22:37:42,614 autoreload Watching for file changes with StatReloader
INFO 2026-04-16 22:37:44,827 autoreload Watching for file changes with StatReloader
INFO 2026-04-16 22:41:23,588 autoreload D:\Projects\blinkit-logistics-system\backend\apps\accounts\views.py changed, reloading.
INFO 2026-04-16 22:41:23,626 autoreload /app/apps/accounts/views.py changed, reloading.
INFO 2026-04-16 22:41:24,483 autoreload Watching for file changes with StatReloader
INFO 2026-04-16 22:41:25,696 autoreload Watching for file changes with StatReloader
INFO 2026-04-16 22:44:59,876 autoreload Watching for file changes with StatReloader
